Process rank: -1, device: cuda, n_gpu: 1, distributed training: False, 16-bits training: False
loading configuration file https://s3.amazonaws.com/models.huggingface.co/bert/bert-base-chinese-config.json from cache at /home/tangguangyi/.cache/torch/transformers/8a3b1cfe5da58286e12a0f5d7d182b8d6eca88c08e26c332ee3817548cf7e60a.f12a4f986e43d8b328f5b067a641064d67b91597567a06c7b122d1ca7dfd9741
Model config {
  "alpha": 0.1,
  "architectures": [
    "BertForMaskedLM"
  ],
  "attention_probs_dropout_prob": 0.1,
  "directionality": "bidi",
  "finetuning_task": "tnews",
  "hidden_act": "gelu",
  "hidden_dropout_prob": 0.1,
  "hidden_size": 768,
  "initializer_range": 0.02,
  "intermediate_size": 3072,
  "layer_norm_eps": 1e-12,
  "max_position_embeddings": 512,
  "model_type": "bert",
  "num_attention_heads": 12,
  "num_hidden_layers": 12,
  "num_labels": 15,
  "output_attentions": false,
  "output_hidden_states": false,
  "output_past": true,
  "pad_token_id": 0,
  "pooler_fc_size": 768,
  "pooler_num_attention_heads": 12,
  "pooler_num_fc_layers": 3,
  "pooler_size_per_head": 128,
  "pooler_type": "first_token_transform",
  "pruned_heads": {},
  "torchscript": false,
  "type_vocab_size": 2,
  "use_bfloat16": false,
  "vocab_size": 21128
}

loading file https://s3.amazonaws.com/models.huggingface.co/bert/bert-base-chinese-vocab.txt from cache at /home/tangguangyi/.cache/torch/transformers/8a0c070123c1f794c42a29c6904beb7c1b8715741e235bee04aca2c7636fc83f.9b42061518a39ca00b8b52059fd2bede8daa613f8a8671500e518a8c29de8c00
loading weights file https://s3.amazonaws.com/models.huggingface.co/bert/bert-base-chinese-pytorch_model.bin from cache at /home/tangguangyi/.cache/torch/transformers/b1b5e295889f2d0979ede9a78ad9cb5dc6a0e25ab7f9417b315f0a2c22f4683d.929717ca66a3ba9eb9ec2f85973c6398c54c38a4faa464636a491d7a705f7eb6
Weights of BertForSequenceClassification not initialized from pretrained model: ['classifier.weight', 'classifier.bias']
Weights from pretrained model not used in BertForSequenceClassification: ['cls.predictions.bias', 'cls.predictions.transform.dense.weight', 'cls.predictions.transform.dense.bias', 'cls.predictions.decoder.weight', 'cls.seq_relationship.weight', 'cls.seq_relationship.bias', 'cls.predictions.transform.LayerNorm.weight', 'cls.predictions.transform.LayerNorm.bias']
Training/evaluation parameters Namespace(data_dir='/home/tangguangyi/project/nlp_project/CLUE/baselines/models_pytorch/classifier_pytorch/CLUEdatasets/tnews/', model_type='bert', model_name_or_path='bert-base-chinese', task_name='tnews', output_dir='/home/tangguangyi/project/nlp_project/CLUE/baselines/models_pytorch/classifier_pytorch/tnews_output/bert', config_name='', tokenizer_name='', cache_dir='', max_seq_length=128, do_train=True, do_eval=True, do_predict=False, do_lower_case=True, per_gpu_train_batch_size=16, per_gpu_eval_batch_size=16, gradient_accumulation_steps=1, learning_rate=2e-05, weight_decay=0.01, adam_epsilon=1e-08, max_grad_norm=1.0, num_train_epochs=3.0, max_steps=-1, warmup_proportion=0.1, logging_steps=3335, save_steps=3335, eval_all_checkpoints=False, predict_checkpoints=0, no_cuda=False, overwrite_output_dir=True, overwrite_cache=False, seed=42, fp16=False, fp16_opt_level='O1', local_rank=-1, server_ip='', server_port='', n_gpu=1, device=device(type='cuda'), output_mode='classification')
Loading features from cached file /home/tangguangyi/project/nlp_project/CLUE/baselines/models_pytorch/classifier_pytorch/CLUEdatasets/tnews/cached_train_bert-base-chinese_128_tnews
***** Running training *****
  Num examples = 53360
  Num Epochs = 3
  Instantaneous batch size per GPU = 16
  Total train batch size (w. parallel, distributed & accumulation) = 16
  Gradient Accumulation steps = 1
  Total optimization steps = 10005
Loading features from cached file /home/tangguangyi/project/nlp_project/CLUE/baselines/models_pytorch/classifier_pytorch/CLUEdatasets/tnews/cached_dev_bert-base-chinese_128_tnews
********* Running evaluation  ********
  Num examples = 10000
  Batch size = 16
******** Eval results  ********
 dev: acc = 0.5557
Configuration saved in /home/tangguangyi/project/nlp_project/CLUE/baselines/models_pytorch/classifier_pytorch/tnews_output/bert/checkpoint-3335/config.json
Model weights saved in /home/tangguangyi/project/nlp_project/CLUE/baselines/models_pytorch/classifier_pytorch/tnews_output/bert/checkpoint-3335/pytorch_model.bin
Saving model checkpoint to /home/tangguangyi/project/nlp_project/CLUE/baselines/models_pytorch/classifier_pytorch/tnews_output/bert/checkpoint-3335
Loading features from cached file /home/tangguangyi/project/nlp_project/CLUE/baselines/models_pytorch/classifier_pytorch/CLUEdatasets/tnews/cached_dev_bert-base-chinese_128_tnews
********* Running evaluation  ********
  Num examples = 10000
  Batch size = 16
******** Eval results  ********
 dev: acc = 0.5689
Configuration saved in /home/tangguangyi/project/nlp_project/CLUE/baselines/models_pytorch/classifier_pytorch/tnews_output/bert/checkpoint-6670/config.json
Model weights saved in /home/tangguangyi/project/nlp_project/CLUE/baselines/models_pytorch/classifier_pytorch/tnews_output/bert/checkpoint-6670/pytorch_model.bin
Saving model checkpoint to /home/tangguangyi/project/nlp_project/CLUE/baselines/models_pytorch/classifier_pytorch/tnews_output/bert/checkpoint-6670
Loading features from cached file /home/tangguangyi/project/nlp_project/CLUE/baselines/models_pytorch/classifier_pytorch/CLUEdatasets/tnews/cached_dev_bert-base-chinese_128_tnews
********* Running evaluation  ********
  Num examples = 10000
  Batch size = 16
******** Eval results  ********
 dev: acc = 0.5699
Configuration saved in /home/tangguangyi/project/nlp_project/CLUE/baselines/models_pytorch/classifier_pytorch/tnews_output/bert/checkpoint-10005/config.json
Model weights saved in /home/tangguangyi/project/nlp_project/CLUE/baselines/models_pytorch/classifier_pytorch/tnews_output/bert/checkpoint-10005/pytorch_model.bin
Saving model checkpoint to /home/tangguangyi/project/nlp_project/CLUE/baselines/models_pytorch/classifier_pytorch/tnews_output/bert/checkpoint-10005
 global_step = 10005, average loss = 2.314198880815792
Saving model checkpoint to /home/tangguangyi/project/nlp_project/CLUE/baselines/models_pytorch/classifier_pytorch/tnews_output/bert
Configuration saved in /home/tangguangyi/project/nlp_project/CLUE/baselines/models_pytorch/classifier_pytorch/tnews_output/bert/config.json
Model weights saved in /home/tangguangyi/project/nlp_project/CLUE/baselines/models_pytorch/classifier_pytorch/tnews_output/bert/pytorch_model.bin
loading configuration file /home/tangguangyi/project/nlp_project/CLUE/baselines/models_pytorch/classifier_pytorch/tnews_output/bert/config.json
Model config {
  "alpha": 0.1,
  "architectures": [
    "BertForMaskedLM"
  ],
  "attention_probs_dropout_prob": 0.1,
  "directionality": "bidi",
  "finetuning_task": "tnews",
  "hidden_act": "gelu",
  "hidden_dropout_prob": 0.1,
  "hidden_size": 768,
  "initializer_range": 0.02,
  "intermediate_size": 3072,
  "layer_norm_eps": 1e-12,
  "max_position_embeddings": 512,
  "model_type": "bert",
  "num_attention_heads": 12,
  "num_hidden_layers": 12,
  "num_labels": 15,
  "output_attentions": false,
  "output_hidden_states": false,
  "output_past": true,
  "pad_token_id": 0,
  "pooler_fc_size": 768,
  "pooler_num_attention_heads": 12,
  "pooler_num_fc_layers": 3,
  "pooler_size_per_head": 128,
  "pooler_type": "first_token_transform",
  "pruned_heads": {},
  "torchscript": false,
  "type_vocab_size": 2,
  "use_bfloat16": false,
  "vocab_size": 21128
}

loading weights file /home/tangguangyi/project/nlp_project/CLUE/baselines/models_pytorch/classifier_pytorch/tnews_output/bert/pytorch_model.bin
Model name '/home/tangguangyi/project/nlp_project/CLUE/baselines/models_pytorch/classifier_pytorch/tnews_output/bert' not found in model shortcut name list (bert-base-uncased, bert-large-uncased, bert-base-cased, bert-large-cased, bert-base-multilingual-uncased, bert-base-multilingual-cased, bert-base-chinese, bert-base-german-cased, bert-large-uncased-whole-word-masking, bert-large-cased-whole-word-masking, bert-large-uncased-whole-word-masking-finetuned-squad, bert-large-cased-whole-word-masking-finetuned-squad, bert-base-cased-finetuned-mrpc, bert-base-german-dbmdz-cased, bert-base-german-dbmdz-uncased). Assuming '/home/tangguangyi/project/nlp_project/CLUE/baselines/models_pytorch/classifier_pytorch/tnews_output/bert' is a path or url to a directory containing tokenizer files.
loading file /home/tangguangyi/project/nlp_project/CLUE/baselines/models_pytorch/classifier_pytorch/tnews_output/bert/vocab.txt
loading file /home/tangguangyi/project/nlp_project/CLUE/baselines/models_pytorch/classifier_pytorch/tnews_output/bert/added_tokens.json
loading file /home/tangguangyi/project/nlp_project/CLUE/baselines/models_pytorch/classifier_pytorch/tnews_output/bert/special_tokens_map.json
loading file /home/tangguangyi/project/nlp_project/CLUE/baselines/models_pytorch/classifier_pytorch/tnews_output/bert/tokenizer_config.json
Model name '/home/tangguangyi/project/nlp_project/CLUE/baselines/models_pytorch/classifier_pytorch/tnews_output/bert' not found in model shortcut name list (bert-base-uncased, bert-large-uncased, bert-base-cased, bert-large-cased, bert-base-multilingual-uncased, bert-base-multilingual-cased, bert-base-chinese, bert-base-german-cased, bert-large-uncased-whole-word-masking, bert-large-cased-whole-word-masking, bert-large-uncased-whole-word-masking-finetuned-squad, bert-large-cased-whole-word-masking-finetuned-squad, bert-base-cased-finetuned-mrpc, bert-base-german-dbmdz-cased, bert-base-german-dbmdz-uncased). Assuming '/home/tangguangyi/project/nlp_project/CLUE/baselines/models_pytorch/classifier_pytorch/tnews_output/bert' is a path or url to a directory containing tokenizer files.
loading file /home/tangguangyi/project/nlp_project/CLUE/baselines/models_pytorch/classifier_pytorch/tnews_output/bert/vocab.txt
loading file /home/tangguangyi/project/nlp_project/CLUE/baselines/models_pytorch/classifier_pytorch/tnews_output/bert/added_tokens.json
loading file /home/tangguangyi/project/nlp_project/CLUE/baselines/models_pytorch/classifier_pytorch/tnews_output/bert/special_tokens_map.json
loading file /home/tangguangyi/project/nlp_project/CLUE/baselines/models_pytorch/classifier_pytorch/tnews_output/bert/tokenizer_config.json
Evaluate the following checkpoints: ['/home/tangguangyi/project/nlp_project/CLUE/baselines/models_pytorch/classifier_pytorch/tnews_output/bert']
loading configuration file /home/tangguangyi/project/nlp_project/CLUE/baselines/models_pytorch/classifier_pytorch/tnews_output/bert/config.json
Model config {
  "alpha": 0.1,
  "architectures": [
    "BertForMaskedLM"
  ],
  "attention_probs_dropout_prob": 0.1,
  "directionality": "bidi",
  "finetuning_task": "tnews",
  "hidden_act": "gelu",
  "hidden_dropout_prob": 0.1,
  "hidden_size": 768,
  "initializer_range": 0.02,
  "intermediate_size": 3072,
  "layer_norm_eps": 1e-12,
  "max_position_embeddings": 512,
  "model_type": "bert",
  "num_attention_heads": 12,
  "num_hidden_layers": 12,
  "num_labels": 15,
  "output_attentions": false,
  "output_hidden_states": false,
  "output_past": true,
  "pad_token_id": 0,
  "pooler_fc_size": 768,
  "pooler_num_attention_heads": 12,
  "pooler_num_fc_layers": 3,
  "pooler_size_per_head": 128,
  "pooler_type": "first_token_transform",
  "pruned_heads": {},
  "torchscript": false,
  "type_vocab_size": 2,
  "use_bfloat16": false,
  "vocab_size": 21128
}

loading weights file /home/tangguangyi/project/nlp_project/CLUE/baselines/models_pytorch/classifier_pytorch/tnews_output/bert/pytorch_model.bin
Loading features from cached file /home/tangguangyi/project/nlp_project/CLUE/baselines/models_pytorch/classifier_pytorch/CLUEdatasets/tnews/cached_dev_bert-base-chinese_128_tnews
********* Running evaluation  ********
  Num examples = 10000
  Batch size = 16
******** Eval results  ********
 dev: acc = 0.5699
